running egg_info
creating ../../build/tactile/tactile.egg-info
writing ../../build/tactile/tactile.egg-info/PKG-INFO
writing dependency_links to ../../build/tactile/tactile.egg-info/dependency_links.txt
writing entry points to ../../build/tactile/tactile.egg-info/entry_points.txt
writing requirements to ../../build/tactile/tactile.egg-info/requires.txt
writing top-level names to ../../build/tactile/tactile.egg-info/top_level.txt
writing manifest file '../../build/tactile/tactile.egg-info/SOURCES.txt'
reading manifest file '../../build/tactile/tactile.egg-info/SOURCES.txt'
adding license file 'LICENSE'
writing manifest file '../../build/tactile/tactile.egg-info/SOURCES.txt'
running build
running build_py
creating /home/kaky/ros2_ws_project_ws/build/tactile/build
creating /home/kaky/ros2_ws_project_ws/build/tactile/build/lib
creating /home/kaky/ros2_ws_project_ws/build/tactile/build/lib/tactile
copying tactile/__init__.py -> /home/kaky/ros2_ws_project_ws/build/tactile/build/lib/tactile
running install
/usr/lib/python3/dist-packages/setuptools/command/install.py:34: SetuptoolsDeprecationWarning: setup.py install is deprecated. Use build and pip and other standards-based tools.
  warnings.warn(
running install_lib
creating /home/kaky/ros2_ws_project_ws/install/tactile/lib/python3.10/site-packages/tactile
copying /home/kaky/ros2_ws_project_ws/build/tactile/build/lib/tactile/__init__.py -> /home/kaky/ros2_ws_project_ws/install/tactile/lib/python3.10/site-packages/tactile
byte-compiling /home/kaky/ros2_ws_project_ws/install/tactile/lib/python3.10/site-packages/tactile/__init__.py to __init__.cpython-310.pyc
running install_data
creating /home/kaky/ros2_ws_project_ws/install/tactile/share/ament_index
creating /home/kaky/ros2_ws_project_ws/install/tactile/share/ament_index/resource_index
creating /home/kaky/ros2_ws_project_ws/install/tactile/share/ament_index/resource_index/packages
copying resource/tactile -> /home/kaky/ros2_ws_project_ws/install/tactile/share/ament_index/resource_index/packages
copying package.xml -> /home/kaky/ros2_ws_project_ws/install/tactile/share/tactile
running install_egg_info
Copying ../../build/tactile/tactile.egg-info to /home/kaky/ros2_ws_project_ws/install/tactile/lib/python3.10/site-packages/tactile-0.0.0-py3.10.egg-info
running install_scripts
writing list of installed files to '/home/kaky/ros2_ws_project_ws/build/tactile/install.log'
