[3.349s] Invoking command in '/home/kaky/ros2_ws_project_ws/src/tactile': PYTHONPATH=/home/kaky/ros2_ws_project_ws/build/tactile/prefix_override:/home/kaky/ros2_ws_project_ws/install/tactile/lib/python3.10/site-packages:${PYTHONPATH} /usr/bin/python3 setup.py egg_info --egg-base ../../build/tactile build --build-base /home/kaky/ros2_ws_project_ws/build/tactile/build install --record /home/kaky/ros2_ws_project_ws/build/tactile/install.log --single-version-externally-managed
[3.734s] running egg_info
[3.734s] creating ../../build/tactile/tactile.egg-info
[3.735s] writing ../../build/tactile/tactile.egg-info/PKG-INFO
[3.735s] writing dependency_links to ../../build/tactile/tactile.egg-info/dependency_links.txt
[3.735s] writing entry points to ../../build/tactile/tactile.egg-info/entry_points.txt
[3.735s] writing requirements to ../../build/tactile/tactile.egg-info/requires.txt
[3.735s] writing top-level names to ../../build/tactile/tactile.egg-info/top_level.txt
[3.735s] writing manifest file '../../build/tactile/tactile.egg-info/SOURCES.txt'
[3.737s] reading manifest file '../../build/tactile/tactile.egg-info/SOURCES.txt'
[3.737s] adding license file 'LICENSE'
[3.738s] writing manifest file '../../build/tactile/tactile.egg-info/SOURCES.txt'
[3.738s] running build
[3.738s] running build_py
[3.738s] creating /home/kaky/ros2_ws_project_ws/build/tactile/build
[3.738s] creating /home/kaky/ros2_ws_project_ws/build/tactile/build/lib
[3.738s] creating /home/kaky/ros2_ws_project_ws/build/tactile/build/lib/tactile
[3.739s] copying tactile/__init__.py -> /home/kaky/ros2_ws_project_ws/build/tactile/build/lib/tactile
[3.739s] running install
[3.762s] /usr/lib/python3/dist-packages/setuptools/command/install.py:34: SetuptoolsDeprecationWarning: setup.py install is deprecated. Use build and pip and other standards-based tools.
[3.763s]   warnings.warn(
[3.763s] running install_lib
[3.764s] creating /home/kaky/ros2_ws_project_ws/install/tactile/lib/python3.10/site-packages/tactile
[3.764s] copying /home/kaky/ros2_ws_project_ws/build/tactile/build/lib/tactile/__init__.py -> /home/kaky/ros2_ws_project_ws/install/tactile/lib/python3.10/site-packages/tactile
[3.764s] byte-compiling /home/kaky/ros2_ws_project_ws/install/tactile/lib/python3.10/site-packages/tactile/__init__.py to __init__.cpython-310.pyc
[3.765s] running install_data
[3.766s] creating /home/kaky/ros2_ws_project_ws/install/tactile/share/ament_index
[3.766s] creating /home/kaky/ros2_ws_project_ws/install/tactile/share/ament_index/resource_index
[3.766s] creating /home/kaky/ros2_ws_project_ws/install/tactile/share/ament_index/resource_index/packages
[3.766s] copying resource/tactile -> /home/kaky/ros2_ws_project_ws/install/tactile/share/ament_index/resource_index/packages
[3.766s] copying package.xml -> /home/kaky/ros2_ws_project_ws/install/tactile/share/tactile
[3.767s] running install_egg_info
[3.771s] Copying ../../build/tactile/tactile.egg-info to /home/kaky/ros2_ws_project_ws/install/tactile/lib/python3.10/site-packages/tactile-0.0.0-py3.10.egg-info
[3.776s] running install_scripts
[3.807s] writing list of installed files to '/home/kaky/ros2_ws_project_ws/build/tactile/install.log'
[4.294s] Invoked command in '/home/kaky/ros2_ws_project_ws/src/tactile' returned '0': PYTHONPATH=/home/kaky/ros2_ws_project_ws/build/tactile/prefix_override:/home/kaky/ros2_ws_project_ws/install/tactile/lib/python3.10/site-packages:${PYTHONPATH} /usr/bin/python3 setup.py egg_info --egg-base ../../build/tactile build --build-base /home/kaky/ros2_ws_project_ws/build/tactile/build install --record /home/kaky/ros2_ws_project_ws/build/tactile/install.log --single-version-externally-managed
