running egg_info
creating ../../build/Gripper/Gripper.egg-info
writing ../../build/Gripper/Gripper.egg-info/PKG-INFO
writing dependency_links to ../../build/Gripper/Gripper.egg-info/dependency_links.txt
writing entry points to ../../build/Gripper/Gripper.egg-info/entry_points.txt
writing requirements to ../../build/Gripper/Gripper.egg-info/requires.txt
writing top-level names to ../../build/Gripper/Gripper.egg-info/top_level.txt
writing manifest file '../../build/Gripper/Gripper.egg-info/SOURCES.txt'
reading manifest file '../../build/Gripper/Gripper.egg-info/SOURCES.txt'
adding license file 'LICENSE'
writing manifest file '../../build/Gripper/Gripper.egg-info/SOURCES.txt'
running build
running build_py
creating /home/kaky/ros2_ws_project_ws/build/Gripper/build
creating /home/kaky/ros2_ws_project_ws/build/Gripper/build/lib
creating /home/kaky/ros2_ws_project_ws/build/Gripper/build/lib/Gripper
copying Gripper/__init__.py -> /home/kaky/ros2_ws_project_ws/build/Gripper/build/lib/Gripper
running install
running install_lib
creating /home/kaky/ros2_ws_project_ws/install/Gripper/lib/python3.10/site-packages/Gripper
copying /home/kaky/ros2_ws_project_ws/build/Gripper/build/lib/Gripper/__init__.py -> /home/kaky/ros2_ws_project_ws/install/Gripper/lib/python3.10/site-packages/Gripper
byte-compiling /home/kaky/ros2_ws_project_ws/install/Gripper/lib/python3.10/site-packages/Gripper/__init__.py to __init__.cpython-310.pyc
running install_data
creating /home/kaky/ros2_ws_project_ws/install/Gripper/share/ament_index
creating /home/kaky/ros2_ws_project_ws/install/Gripper/share/ament_index/resource_index
creating /home/kaky/ros2_ws_project_ws/install/Gripper/share/ament_index/resource_index/packages
copying resource/Gripper -> /home/kaky/ros2_ws_project_ws/install/Gripper/share/ament_index/resource_index/packages
copying package.xml -> /home/kaky/ros2_ws_project_ws/install/Gripper/share/Gripper
running install_egg_info
Copying ../../build/Gripper/Gripper.egg-info to /home/kaky/ros2_ws_project_ws/install/Gripper/lib/python3.10/site-packages/Gripper-0.0.0-py3.10.egg-info
running install_scripts
writing list of installed files to '/home/kaky/ros2_ws_project_ws/build/Gripper/install.log'
