[3.375s] Invoking command in '/home/kaky/ros2_ws_project_ws/src/Gripper': PYTHONPATH=/home/kaky/ros2_ws_project_ws/build/Gripper/prefix_override:/home/kaky/ros2_ws_project_ws/install/Gripper/lib/python3.10/site-packages:${PYTHONPATH} /usr/bin/python3 setup.py egg_info --egg-base ../../build/Gripper build --build-base /home/kaky/ros2_ws_project_ws/build/Gripper/build install --record /home/kaky/ros2_ws_project_ws/build/Gripper/install.log --single-version-externally-managed
[3.827s] running egg_info
[3.827s] creating ../../build/Gripper/Gripper.egg-info
[3.827s] writing ../../build/Gripper/Gripper.egg-info/PKG-INFO
[3.828s] writing dependency_links to ../../build/Gripper/Gripper.egg-info/dependency_links.txt
[3.828s] writing entry points to ../../build/Gripper/Gripper.egg-info/entry_points.txt
[3.828s] writing requirements to ../../build/Gripper/Gripper.egg-info/requires.txt
[3.828s] writing top-level names to ../../build/Gripper/Gripper.egg-info/top_level.txt
[3.829s] writing manifest file '../../build/Gripper/Gripper.egg-info/SOURCES.txt'
[3.831s] reading manifest file '../../build/Gripper/Gripper.egg-info/SOURCES.txt'
[3.832s] adding license file 'LICENSE'
[3.833s] writing manifest file '../../build/Gripper/Gripper.egg-info/SOURCES.txt'
[3.833s] running build
[3.833s] running build_py
[3.834s] creating /home/kaky/ros2_ws_project_ws/build/Gripper/build
[3.834s] creating /home/kaky/ros2_ws_project_ws/build/Gripper/build/lib
[3.834s] creating /home/kaky/ros2_ws_project_ws/build/Gripper/build/lib/Gripper
[3.834s] copying Gripper/__init__.py -> /home/kaky/ros2_ws_project_ws/build/Gripper/build/lib/Gripper
[3.834s] running install
[3.874s] /usr/lib/python3/dist-packages/setuptools/command/install.py:34: SetuptoolsDeprecationWarning: setup.py install is deprecated. Use build and pip and other standards-based tools.
[3.874s]   warnings.warn(
[3.875s] running install_lib
[3.876s] creating /home/kaky/ros2_ws_project_ws/install/Gripper/lib/python3.10/site-packages/Gripper
[3.876s] copying /home/kaky/ros2_ws_project_ws/build/Gripper/build/lib/Gripper/__init__.py -> /home/kaky/ros2_ws_project_ws/install/Gripper/lib/python3.10/site-packages/Gripper
[3.877s] byte-compiling /home/kaky/ros2_ws_project_ws/install/Gripper/lib/python3.10/site-packages/Gripper/__init__.py to __init__.cpython-310.pyc
[3.877s] running install_data
[3.878s] creating /home/kaky/ros2_ws_project_ws/install/Gripper/share/ament_index
[3.878s] creating /home/kaky/ros2_ws_project_ws/install/Gripper/share/ament_index/resource_index
[3.878s] creating /home/kaky/ros2_ws_project_ws/install/Gripper/share/ament_index/resource_index/packages
[3.879s] copying resource/Gripper -> /home/kaky/ros2_ws_project_ws/install/Gripper/share/ament_index/resource_index/packages
[3.879s] copying package.xml -> /home/kaky/ros2_ws_project_ws/install/Gripper/share/Gripper
[3.879s] running install_egg_info
[3.883s] Copying ../../build/Gripper/Gripper.egg-info to /home/kaky/ros2_ws_project_ws/install/Gripper/lib/python3.10/site-packages/Gripper-0.0.0-py3.10.egg-info
[3.887s] running install_scripts
[3.918s] writing list of installed files to '/home/kaky/ros2_ws_project_ws/build/Gripper/install.log'
[4.490s] Invoked command in '/home/kaky/ros2_ws_project_ws/src/Gripper' returned '0': PYTHONPATH=/home/kaky/ros2_ws_project_ws/build/Gripper/prefix_override:/home/kaky/ros2_ws_project_ws/install/Gripper/lib/python3.10/site-packages:${PYTHONPATH} /usr/bin/python3 setup.py egg_info --egg-base ../../build/Gripper build --build-base /home/kaky/ros2_ws_project_ws/build/Gripper/build install --record /home/kaky/ros2_ws_project_ws/build/Gripper/install.log --single-version-externally-managed
