running egg_info
creating ../../build/Dynamixels/Dynamixels.egg-info
writing ../../build/Dynamixels/Dynamixels.egg-info/PKG-INFO
writing dependency_links to ../../build/Dynamixels/Dynamixels.egg-info/dependency_links.txt
writing entry points to ../../build/Dynamixels/Dynamixels.egg-info/entry_points.txt
writing requirements to ../../build/Dynamixels/Dynamixels.egg-info/requires.txt
writing top-level names to ../../build/Dynamixels/Dynamixels.egg-info/top_level.txt
writing manifest file '../../build/Dynamixels/Dynamixels.egg-info/SOURCES.txt'
reading manifest file '../../build/Dynamixels/Dynamixels.egg-info/SOURCES.txt'
adding license file 'LICENSE'
writing manifest file '../../build/Dynamixels/Dynamixels.egg-info/SOURCES.txt'
running build
running build_py
creating /home/kaky/ros2_ws_project_ws/build/Dynamixels/build
creating /home/kaky/ros2_ws_project_ws/build/Dynamixels/build/lib
creating /home/kaky/ros2_ws_project_ws/build/Dynamixels/build/lib/Dynamixels
copying Dynamixels/__init__.py -> /home/kaky/ros2_ws_project_ws/build/Dynamixels/build/lib/Dynamixels
running install
running install_lib
creating /home/kaky/ros2_ws_project_ws/install/Dynamixels/lib/python3.10/site-packages/Dynamixels
copying /home/kaky/ros2_ws_project_ws/build/Dynamixels/build/lib/Dynamixels/__init__.py -> /home/kaky/ros2_ws_project_ws/install/Dynamixels/lib/python3.10/site-packages/Dynamixels
byte-compiling /home/kaky/ros2_ws_project_ws/install/Dynamixels/lib/python3.10/site-packages/Dynamixels/__init__.py to __init__.cpython-310.pyc
running install_data
creating /home/kaky/ros2_ws_project_ws/install/Dynamixels/share/ament_index
creating /home/kaky/ros2_ws_project_ws/install/Dynamixels/share/ament_index/resource_index
creating /home/kaky/ros2_ws_project_ws/install/Dynamixels/share/ament_index/resource_index/packages
copying resource/Dynamixels -> /home/kaky/ros2_ws_project_ws/install/Dynamixels/share/ament_index/resource_index/packages
copying package.xml -> /home/kaky/ros2_ws_project_ws/install/Dynamixels/share/Dynamixels
running install_egg_info
Copying ../../build/Dynamixels/Dynamixels.egg-info to /home/kaky/ros2_ws_project_ws/install/Dynamixels/lib/python3.10/site-packages/Dynamixels-0.0.0-py3.10.egg-info
running install_scripts
writing list of installed files to '/home/kaky/ros2_ws_project_ws/build/Dynamixels/install.log'
