[3.555s] Invoking command in '/home/kaky/ros2_ws_project_ws/src/Dynamixels': PYTHONPATH=/home/kaky/ros2_ws_project_ws/build/Dynamixels/prefix_override:/home/kaky/ros2_ws_project_ws/install/Dynamixels/lib/python3.10/site-packages:${PYTHONPATH} /usr/bin/python3 setup.py egg_info --egg-base ../../build/Dynamixels build --build-base /home/kaky/ros2_ws_project_ws/build/Dynamixels/build install --record /home/kaky/ros2_ws_project_ws/build/Dynamixels/install.log --single-version-externally-managed
[3.963s] running egg_info
[3.964s] creating ../../build/Dynamixels/Dynamixels.egg-info
[3.964s] writing ../../build/Dynamixels/Dynamixels.egg-info/PKG-INFO
[3.965s] writing dependency_links to ../../build/Dynamixels/Dynamixels.egg-info/dependency_links.txt
[3.965s] writing entry points to ../../build/Dynamixels/Dynamixels.egg-info/entry_points.txt
[3.965s] writing requirements to ../../build/Dynamixels/Dynamixels.egg-info/requires.txt
[3.965s] writing top-level names to ../../build/Dynamixels/Dynamixels.egg-info/top_level.txt
[3.965s] writing manifest file '../../build/Dynamixels/Dynamixels.egg-info/SOURCES.txt'
[3.967s] reading manifest file '../../build/Dynamixels/Dynamixels.egg-info/SOURCES.txt'
[3.967s] adding license file 'LICENSE'
[3.968s] writing manifest file '../../build/Dynamixels/Dynamixels.egg-info/SOURCES.txt'
[3.968s] running build
[3.968s] running build_py
[3.969s] creating /home/kaky/ros2_ws_project_ws/build/Dynamixels/build
[3.969s] creating /home/kaky/ros2_ws_project_ws/build/Dynamixels/build/lib
[3.969s] creating /home/kaky/ros2_ws_project_ws/build/Dynamixels/build/lib/Dynamixels
[3.969s] copying Dynamixels/__init__.py -> /home/kaky/ros2_ws_project_ws/build/Dynamixels/build/lib/Dynamixels
[3.969s] running install
[3.978s] /usr/lib/python3/dist-packages/setuptools/command/install.py:34: SetuptoolsDeprecationWarning: setup.py install is deprecated. Use build and pip and other standards-based tools.
[3.978s]   warnings.warn(
[3.978s] running install_lib
[3.979s] creating /home/kaky/ros2_ws_project_ws/install/Dynamixels/lib/python3.10/site-packages/Dynamixels
[3.979s] copying /home/kaky/ros2_ws_project_ws/build/Dynamixels/build/lib/Dynamixels/__init__.py -> /home/kaky/ros2_ws_project_ws/install/Dynamixels/lib/python3.10/site-packages/Dynamixels
[3.979s] byte-compiling /home/kaky/ros2_ws_project_ws/install/Dynamixels/lib/python3.10/site-packages/Dynamixels/__init__.py to __init__.cpython-310.pyc
[3.979s] running install_data
[3.980s] creating /home/kaky/ros2_ws_project_ws/install/Dynamixels/share/ament_index
[3.980s] creating /home/kaky/ros2_ws_project_ws/install/Dynamixels/share/ament_index/resource_index
[3.981s] creating /home/kaky/ros2_ws_project_ws/install/Dynamixels/share/ament_index/resource_index/packages
[3.981s] copying resource/Dynamixels -> /home/kaky/ros2_ws_project_ws/install/Dynamixels/share/ament_index/resource_index/packages
[3.981s] copying package.xml -> /home/kaky/ros2_ws_project_ws/install/Dynamixels/share/Dynamixels
[3.981s] running install_egg_info
[3.984s] Copying ../../build/Dynamixels/Dynamixels.egg-info to /home/kaky/ros2_ws_project_ws/install/Dynamixels/lib/python3.10/site-packages/Dynamixels-0.0.0-py3.10.egg-info
[3.985s] running install_scripts
[4.018s] writing list of installed files to '/home/kaky/ros2_ws_project_ws/build/Dynamixels/install.log'
[4.664s] Invoked command in '/home/kaky/ros2_ws_project_ws/src/Dynamixels' returned '0': PYTHONPATH=/home/kaky/ros2_ws_project_ws/build/Dynamixels/prefix_override:/home/kaky/ros2_ws_project_ws/install/Dynamixels/lib/python3.10/site-packages:${PYTHONPATH} /usr/bin/python3 setup.py egg_info --egg-base ../../build/Dynamixels build --build-base /home/kaky/ros2_ws_project_ws/build/Dynamixels/build install --record /home/kaky/ros2_ws_project_ws/build/Dynamixels/install.log --single-version-externally-managed
