[1.234s] DEBUG:colcon:Command line arguments: ['/usr/bin/colcon', 'build']
[1.234s] DEBUG:colcon:Parsed command line arguments: Namespace(log_base=None, log_level=None, verb_name='build', build_base='build', install_base='install', merge_install=False, symlink_install=False, test_result_base=None, continue_on_error=False, executor='parallel', parallel_workers=8, event_handlers=None, ignore_user_meta=False, metas=['./colcon.meta'], base_paths=['.'], packages_ignore=None, packages_ignore_regex=None, paths=None, packages_up_to=None, packages_up_to_regex=None, packages_above=None, packages_above_and_dependencies=None, packages_above_depth=None, packages_select_by_dep=None, packages_skip_by_dep=None, packages_skip_up_to=None, packages_select_build_failed=False, packages_skip_build_finished=False, packages_select_test_failures=False, packages_skip_test_passed=False, packages_select=None, packages_skip=None, packages_select_regex=None, packages_skip_regex=None, packages_start=None, packages_end=None, allow_overriding=[], cmake_args=None, cmake_target=None, cmake_target_skip_unavailable=False, cmake_clean_cache=False, cmake_clean_first=False, cmake_force_configure=False, ament_cmake_args=None, catkin_cmake_args=None, catkin_skip_building_tests=False, verb_parser=<colcon_defaults.argument_parser.defaults.DefaultArgumentsDecorator object at 0x7f077003b460>, verb_extension=<colcon_core.verb.build.BuildVerb object at 0x7f07703a2ad0>, main=<bound method BuildVerb.main of <colcon_core.verb.build.BuildVerb object at 0x7f07703a2ad0>>)
[1.292s] Level 1:colcon.colcon_core.package_discovery:discover_packages(colcon_meta) check parameters
[1.292s] Level 1:colcon.colcon_core.package_discovery:discover_packages(recursive) check parameters
[1.292s] Level 1:colcon.colcon_core.package_discovery:discover_packages(ignore) check parameters
[1.293s] Level 1:colcon.colcon_core.package_discovery:discover_packages(path) check parameters
[1.293s] Level 1:colcon.colcon_core.package_discovery:discover_packages(colcon_meta) discover
[1.293s] Level 1:colcon.colcon_core.package_discovery:discover_packages(recursive) discover
[1.293s] INFO:colcon.colcon_core.package_discovery:Crawling recursively for packages in '/home/kaky/ros2_ws_project_ws'
[1.293s] Level 1:colcon.colcon_core.package_identification:_identify(.) by extensions ['ignore', 'ignore_ament_install']
[1.293s] Level 1:colcon.colcon_core.package_identification:_identify(.) by extension 'ignore'
[1.293s] Level 1:colcon.colcon_core.package_identification:_identify(.) by extension 'ignore_ament_install'
[1.293s] Level 1:colcon.colcon_core.package_identification:_identify(.) by extensions ['colcon_pkg']
[1.293s] Level 1:colcon.colcon_core.package_identification:_identify(.) by extension 'colcon_pkg'
[1.293s] Level 1:colcon.colcon_core.package_identification:_identify(.) by extensions ['colcon_meta']
[1.293s] Level 1:colcon.colcon_core.package_identification:_identify(.) by extension 'colcon_meta'
[1.293s] Level 1:colcon.colcon_core.package_identification:_identify(.) by extensions ['ros']
[1.293s] Level 1:colcon.colcon_core.package_identification:_identify(.) by extension 'ros'
[1.309s] Level 1:colcon.colcon_core.package_identification:_identify(.) by extensions ['cmake', 'python']
[1.310s] Level 1:colcon.colcon_core.package_identification:_identify(.) by extension 'cmake'
[1.310s] Level 1:colcon.colcon_core.package_identification:_identify(.) by extension 'python'
[1.310s] Level 1:colcon.colcon_core.package_identification:_identify(.) by extensions ['python_setup_py']
[1.310s] Level 1:colcon.colcon_core.package_identification:_identify(.) by extension 'python_setup_py'
[1.310s] Level 1:colcon.colcon_core.package_identification:_identify(build) by extensions ['ignore', 'ignore_ament_install']
[1.310s] Level 1:colcon.colcon_core.package_identification:_identify(build) by extension 'ignore'
[1.310s] Level 1:colcon.colcon_core.package_identification:_identify(build) ignored
[1.310s] Level 1:colcon.colcon_core.package_identification:_identify(install) by extensions ['ignore', 'ignore_ament_install']
[1.310s] Level 1:colcon.colcon_core.package_identification:_identify(install) by extension 'ignore'
[1.310s] Level 1:colcon.colcon_core.package_identification:_identify(install) ignored
[1.310s] Level 1:colcon.colcon_core.package_identification:_identify(log) by extensions ['ignore', 'ignore_ament_install']
[1.311s] Level 1:colcon.colcon_core.package_identification:_identify(log) by extension 'ignore'
[1.311s] Level 1:colcon.colcon_core.package_identification:_identify(log) ignored
[1.311s] Level 1:colcon.colcon_core.package_identification:_identify(src) by extensions ['ignore', 'ignore_ament_install']
[1.311s] Level 1:colcon.colcon_core.package_identification:_identify(src) by extension 'ignore'
[1.311s] Level 1:colcon.colcon_core.package_identification:_identify(src) by extension 'ignore_ament_install'
[1.311s] Level 1:colcon.colcon_core.package_identification:_identify(src) by extensions ['colcon_pkg']
[1.311s] Level 1:colcon.colcon_core.package_identification:_identify(src) by extension 'colcon_pkg'
[1.311s] Level 1:colcon.colcon_core.package_identification:_identify(src) by extensions ['colcon_meta']
[1.311s] Level 1:colcon.colcon_core.package_identification:_identify(src) by extension 'colcon_meta'
[1.311s] Level 1:colcon.colcon_core.package_identification:_identify(src) by extensions ['ros']
[1.311s] Level 1:colcon.colcon_core.package_identification:_identify(src) by extension 'ros'
[1.311s] Level 1:colcon.colcon_core.package_identification:_identify(src) by extensions ['cmake', 'python']
[1.311s] Level 1:colcon.colcon_core.package_identification:_identify(src) by extension 'cmake'
[1.311s] Level 1:colcon.colcon_core.package_identification:_identify(src) by extension 'python'
[1.312s] Level 1:colcon.colcon_core.package_identification:_identify(src) by extensions ['python_setup_py']
[1.312s] Level 1:colcon.colcon_core.package_identification:_identify(src) by extension 'python_setup_py'
[1.312s] Level 1:colcon.colcon_core.package_identification:_identify(src/Arduino) by extensions ['ignore', 'ignore_ament_install']
[1.312s] Level 1:colcon.colcon_core.package_identification:_identify(src/Arduino) by extension 'ignore'
[1.312s] Level 1:colcon.colcon_core.package_identification:_identify(src/Arduino) by extension 'ignore_ament_install'
[1.312s] Level 1:colcon.colcon_core.package_identification:_identify(src/Arduino) by extensions ['colcon_pkg']
[1.312s] Level 1:colcon.colcon_core.package_identification:_identify(src/Arduino) by extension 'colcon_pkg'
[1.312s] Level 1:colcon.colcon_core.package_identification:_identify(src/Arduino) by extensions ['colcon_meta']
[1.312s] Level 1:colcon.colcon_core.package_identification:_identify(src/Arduino) by extension 'colcon_meta'
[1.312s] Level 1:colcon.colcon_core.package_identification:_identify(src/Arduino) by extensions ['ros']
[1.312s] Level 1:colcon.colcon_core.package_identification:_identify(src/Arduino) by extension 'ros'
[1.339s] DEBUG:colcon.colcon_core.package_identification:Package 'src/Arduino' with type 'ros.ament_python' and name 'Arduino'
[1.339s] Level 1:colcon.colcon_core.package_identification:_identify(src/Dynamixels) by extensions ['ignore', 'ignore_ament_install']
[1.339s] Level 1:colcon.colcon_core.package_identification:_identify(src/Dynamixels) by extension 'ignore'
[1.339s] Level 1:colcon.colcon_core.package_identification:_identify(src/Dynamixels) by extension 'ignore_ament_install'
[1.339s] Level 1:colcon.colcon_core.package_identification:_identify(src/Dynamixels) by extensions ['colcon_pkg']
[1.339s] Level 1:colcon.colcon_core.package_identification:_identify(src/Dynamixels) by extension 'colcon_pkg'
[1.339s] Level 1:colcon.colcon_core.package_identification:_identify(src/Dynamixels) by extensions ['colcon_meta']
[1.339s] Level 1:colcon.colcon_core.package_identification:_identify(src/Dynamixels) by extension 'colcon_meta'
[1.340s] Level 1:colcon.colcon_core.package_identification:_identify(src/Dynamixels) by extensions ['ros']
[1.340s] Level 1:colcon.colcon_core.package_identification:_identify(src/Dynamixels) by extension 'ros'
[1.340s] DEBUG:colcon.colcon_core.package_identification:Package 'src/Dynamixels' with type 'ros.ament_python' and name 'Dynamixels'
[1.340s] Level 1:colcon.colcon_core.package_identification:_identify(src/Gripper) by extensions ['ignore', 'ignore_ament_install']
[1.340s] Level 1:colcon.colcon_core.package_identification:_identify(src/Gripper) by extension 'ignore'
[1.340s] Level 1:colcon.colcon_core.package_identification:_identify(src/Gripper) by extension 'ignore_ament_install'
[1.340s] Level 1:colcon.colcon_core.package_identification:_identify(src/Gripper) by extensions ['colcon_pkg']
[1.340s] Level 1:colcon.colcon_core.package_identification:_identify(src/Gripper) by extension 'colcon_pkg'
[1.341s] Level 1:colcon.colcon_core.package_identification:_identify(src/Gripper) by extensions ['colcon_meta']
[1.341s] Level 1:colcon.colcon_core.package_identification:_identify(src/Gripper) by extension 'colcon_meta'
[1.341s] Level 1:colcon.colcon_core.package_identification:_identify(src/Gripper) by extensions ['ros']
[1.341s] Level 1:colcon.colcon_core.package_identification:_identify(src/Gripper) by extension 'ros'
[1.341s] DEBUG:colcon.colcon_core.package_identification:Package 'src/Gripper' with type 'ros.ament_python' and name 'Gripper'
[1.341s] Level 1:colcon.colcon_core.package_identification:_identify(src/tactile) by extensions ['ignore', 'ignore_ament_install']
[1.341s] Level 1:colcon.colcon_core.package_identification:_identify(src/tactile) by extension 'ignore'
[1.341s] Level 1:colcon.colcon_core.package_identification:_identify(src/tactile) by extension 'ignore_ament_install'
[1.341s] Level 1:colcon.colcon_core.package_identification:_identify(src/tactile) by extensions ['colcon_pkg']
[1.341s] Level 1:colcon.colcon_core.package_identification:_identify(src/tactile) by extension 'colcon_pkg'
[1.342s] Level 1:colcon.colcon_core.package_identification:_identify(src/tactile) by extensions ['colcon_meta']
[1.342s] Level 1:colcon.colcon_core.package_identification:_identify(src/tactile) by extension 'colcon_meta'
[1.342s] Level 1:colcon.colcon_core.package_identification:_identify(src/tactile) by extensions ['ros']
[1.342s] Level 1:colcon.colcon_core.package_identification:_identify(src/tactile) by extension 'ros'
[1.342s] DEBUG:colcon.colcon_core.package_identification:Package 'src/tactile' with type 'ros.ament_python' and name 'tactile'
[1.342s] Level 1:colcon.colcon_core.package_discovery:discover_packages(recursive) using defaults
[1.342s] Level 1:colcon.colcon_core.package_discovery:discover_packages(ignore) discover
[1.342s] Level 1:colcon.colcon_core.package_discovery:discover_packages(ignore) using defaults
[1.342s] Level 1:colcon.colcon_core.package_discovery:discover_packages(path) discover
[1.342s] Level 1:colcon.colcon_core.package_discovery:discover_packages(path) using defaults
[1.454s] Level 1:colcon.colcon_core.package_discovery:discover_packages(prefix_path) check parameters
[1.454s] Level 1:colcon.colcon_core.package_discovery:discover_packages(prefix_path) discover
[1.492s] DEBUG:colcon.colcon_installed_package_information.package_discovery:Found 0 installed packages in /home/kaky/ros2_ws_project_ws/install
[1.509s] DEBUG:colcon.colcon_installed_package_information.package_discovery:Found 4 installed packages in /home/kaky/ros2_ws/install
[1.527s] DEBUG:colcon.colcon_installed_package_information.package_discovery:Found 270 installed packages in /opt/ros/humble
[1.538s] Level 1:colcon.colcon_core.package_discovery:discover_packages(prefix_path) using defaults
[1.640s] Level 5:colcon.colcon_core.verb:set package 'Arduino' build argument 'cmake_args' from command line to 'None'
[1.640s] Level 5:colcon.colcon_core.verb:set package 'Arduino' build argument 'cmake_target' from command line to 'None'
[1.640s] Level 5:colcon.colcon_core.verb:set package 'Arduino' build argument 'cmake_target_skip_unavailable' from command line to 'False'
[1.640s] Level 5:colcon.colcon_core.verb:set package 'Arduino' build argument 'cmake_clean_cache' from command line to 'False'
[1.640s] Level 5:colcon.colcon_core.verb:set package 'Arduino' build argument 'cmake_clean_first' from command line to 'False'
[1.640s] Level 5:colcon.colcon_core.verb:set package 'Arduino' build argument 'cmake_force_configure' from command line to 'False'
[1.640s] Level 5:colcon.colcon_core.verb:set package 'Arduino' build argument 'ament_cmake_args' from command line to 'None'
[1.640s] Level 5:colcon.colcon_core.verb:set package 'Arduino' build argument 'catkin_cmake_args' from command line to 'None'
[1.640s] Level 5:colcon.colcon_core.verb:set package 'Arduino' build argument 'catkin_skip_building_tests' from command line to 'False'
[1.640s] DEBUG:colcon.colcon_core.verb:Building package 'Arduino' with the following arguments: {'ament_cmake_args': None, 'build_base': '/home/kaky/ros2_ws_project_ws/build/Arduino', 'catkin_cmake_args': None, 'catkin_skip_building_tests': False, 'cmake_args': None, 'cmake_clean_cache': False, 'cmake_clean_first': False, 'cmake_force_configure': False, 'cmake_target': None, 'cmake_target_skip_unavailable': False, 'install_base': '/home/kaky/ros2_ws_project_ws/install/Arduino', 'merge_install': False, 'path': '/home/kaky/ros2_ws_project_ws/src/Arduino', 'symlink_install': False, 'test_result_base': None}
[1.659s] Level 5:colcon.colcon_core.verb:set package 'Dynamixels' build argument 'cmake_args' from command line to 'None'
[1.659s] Level 5:colcon.colcon_core.verb:set package 'Dynamixels' build argument 'cmake_target' from command line to 'None'
[1.659s] Level 5:colcon.colcon_core.verb:set package 'Dynamixels' build argument 'cmake_target_skip_unavailable' from command line to 'False'
[1.659s] Level 5:colcon.colcon_core.verb:set package 'Dynamixels' build argument 'cmake_clean_cache' from command line to 'False'
[1.659s] Level 5:colcon.colcon_core.verb:set package 'Dynamixels' build argument 'cmake_clean_first' from command line to 'False'
[1.659s] Level 5:colcon.colcon_core.verb:set package 'Dynamixels' build argument 'cmake_force_configure' from command line to 'False'
[1.659s] Level 5:colcon.colcon_core.verb:set package 'Dynamixels' build argument 'ament_cmake_args' from command line to 'None'
[1.659s] Level 5:colcon.colcon_core.verb:set package 'Dynamixels' build argument 'catkin_cmake_args' from command line to 'None'
[1.659s] Level 5:colcon.colcon_core.verb:set package 'Dynamixels' build argument 'catkin_skip_building_tests' from command line to 'False'
[1.659s] DEBUG:colcon.colcon_core.verb:Building package 'Dynamixels' with the following arguments: {'ament_cmake_args': None, 'build_base': '/home/kaky/ros2_ws_project_ws/build/Dynamixels', 'catkin_cmake_args': None, 'catkin_skip_building_tests': False, 'cmake_args': None, 'cmake_clean_cache': False, 'cmake_clean_first': False, 'cmake_force_configure': False, 'cmake_target': None, 'cmake_target_skip_unavailable': False, 'install_base': '/home/kaky/ros2_ws_project_ws/install/Dynamixels', 'merge_install': False, 'path': '/home/kaky/ros2_ws_project_ws/src/Dynamixels', 'symlink_install': False, 'test_result_base': None}
[1.677s] Level 5:colcon.colcon_core.verb:set package 'Gripper' build argument 'cmake_args' from command line to 'None'
[1.677s] Level 5:colcon.colcon_core.verb:set package 'Gripper' build argument 'cmake_target' from command line to 'None'
[1.677s] Level 5:colcon.colcon_core.verb:set package 'Gripper' build argument 'cmake_target_skip_unavailable' from command line to 'False'
[1.677s] Level 5:colcon.colcon_core.verb:set package 'Gripper' build argument 'cmake_clean_cache' from command line to 'False'
[1.677s] Level 5:colcon.colcon_core.verb:set package 'Gripper' build argument 'cmake_clean_first' from command line to 'False'
[1.677s] Level 5:colcon.colcon_core.verb:set package 'Gripper' build argument 'cmake_force_configure' from command line to 'False'
[1.677s] Level 5:colcon.colcon_core.verb:set package 'Gripper' build argument 'ament_cmake_args' from command line to 'None'
[1.677s] Level 5:colcon.colcon_core.verb:set package 'Gripper' build argument 'catkin_cmake_args' from command line to 'None'
[1.677s] Level 5:colcon.colcon_core.verb:set package 'Gripper' build argument 'catkin_skip_building_tests' from command line to 'False'
[1.677s] DEBUG:colcon.colcon_core.verb:Building package 'Gripper' with the following arguments: {'ament_cmake_args': None, 'build_base': '/home/kaky/ros2_ws_project_ws/build/Gripper', 'catkin_cmake_args': None, 'catkin_skip_building_tests': False, 'cmake_args': None, 'cmake_clean_cache': False, 'cmake_clean_first': False, 'cmake_force_configure': False, 'cmake_target': None, 'cmake_target_skip_unavailable': False, 'install_base': '/home/kaky/ros2_ws_project_ws/install/Gripper', 'merge_install': False, 'path': '/home/kaky/ros2_ws_project_ws/src/Gripper', 'symlink_install': False, 'test_result_base': None}
[1.695s] Level 5:colcon.colcon_core.verb:set package 'tactile' build argument 'cmake_args' from command line to 'None'
[1.695s] Level 5:colcon.colcon_core.verb:set package 'tactile' build argument 'cmake_target' from command line to 'None'
[1.695s] Level 5:colcon.colcon_core.verb:set package 'tactile' build argument 'cmake_target_skip_unavailable' from command line to 'False'
[1.695s] Level 5:colcon.colcon_core.verb:set package 'tactile' build argument 'cmake_clean_cache' from command line to 'False'
[1.695s] Level 5:colcon.colcon_core.verb:set package 'tactile' build argument 'cmake_clean_first' from command line to 'False'
[1.695s] Level 5:colcon.colcon_core.verb:set package 'tactile' build argument 'cmake_force_configure' from command line to 'False'
[1.695s] Level 5:colcon.colcon_core.verb:set package 'tactile' build argument 'ament_cmake_args' from command line to 'None'
[1.695s] Level 5:colcon.colcon_core.verb:set package 'tactile' build argument 'catkin_cmake_args' from command line to 'None'
[1.695s] Level 5:colcon.colcon_core.verb:set package 'tactile' build argument 'catkin_skip_building_tests' from command line to 'False'
[1.695s] DEBUG:colcon.colcon_core.verb:Building package 'tactile' with the following arguments: {'ament_cmake_args': None, 'build_base': '/home/kaky/ros2_ws_project_ws/build/tactile', 'catkin_cmake_args': None, 'catkin_skip_building_tests': False, 'cmake_args': None, 'cmake_clean_cache': False, 'cmake_clean_first': False, 'cmake_force_configure': False, 'cmake_target': None, 'cmake_target_skip_unavailable': False, 'install_base': '/home/kaky/ros2_ws_project_ws/install/tactile', 'merge_install': False, 'path': '/home/kaky/ros2_ws_project_ws/src/tactile', 'symlink_install': False, 'test_result_base': None}
[1.712s] INFO:colcon.colcon_core.executor:Executing jobs using 'parallel' executor
[1.730s] DEBUG:colcon.colcon_parallel_executor.executor.parallel:run_until_complete
[1.730s] INFO:colcon.colcon_ros.task.ament_python.build:Building ROS package in '/home/kaky/ros2_ws_project_ws/src/Arduino' with build type 'ament_python'
[1.731s] Level 1:colcon.colcon_core.shell:create_environment_hook('Arduino', 'ament_prefix_path')
[1.753s] INFO:colcon.colcon_core.plugin_system:Skipping extension 'colcon_core.shell.bat': Not used on non-Windows systems
[1.754s] INFO:colcon.colcon_core.shell:Creating environment hook '/home/kaky/ros2_ws_project_ws/install/Arduino/share/Arduino/hook/ament_prefix_path.ps1'
[1.766s] INFO:colcon.colcon_core.shell:Creating environment descriptor '/home/kaky/ros2_ws_project_ws/install/Arduino/share/Arduino/hook/ament_prefix_path.dsv'
[1.777s] INFO:colcon.colcon_core.shell:Creating environment hook '/home/kaky/ros2_ws_project_ws/install/Arduino/share/Arduino/hook/ament_prefix_path.sh'
[1.807s] INFO:colcon.colcon_core.shell:Skip shell extension 'powershell' for command environment: Not usable outside of PowerShell
[1.808s] DEBUG:colcon.colcon_core.shell:Skip shell extension 'dsv' for command environment
[1.888s] INFO:colcon.colcon_ros.task.ament_python.build:Building ROS package in '/home/kaky/ros2_ws_project_ws/src/Dynamixels' with build type 'ament_python'
[1.888s] Level 1:colcon.colcon_core.shell:create_environment_hook('Dynamixels', 'ament_prefix_path')
[1.907s] INFO:colcon.colcon_core.shell:Creating environment hook '/home/kaky/ros2_ws_project_ws/install/Dynamixels/share/Dynamixels/hook/ament_prefix_path.ps1'
[1.907s] INFO:colcon.colcon_core.shell:Creating environment descriptor '/home/kaky/ros2_ws_project_ws/install/Dynamixels/share/Dynamixels/hook/ament_prefix_path.dsv'
[1.907s] INFO:colcon.colcon_core.shell:Creating environment hook '/home/kaky/ros2_ws_project_ws/install/Dynamixels/share/Dynamixels/hook/ament_prefix_path.sh'
[1.926s] INFO:colcon.colcon_core.shell:Skip shell extension 'powershell' for command environment: Not usable outside of PowerShell
[1.926s] DEBUG:colcon.colcon_core.shell:Skip shell extension 'dsv' for command environment
[2.000s] INFO:colcon.colcon_ros.task.ament_python.build:Building ROS package in '/home/kaky/ros2_ws_project_ws/src/Gripper' with build type 'ament_python'
[2.000s] Level 1:colcon.colcon_core.shell:create_environment_hook('Gripper', 'ament_prefix_path')
[2.019s] INFO:colcon.colcon_core.shell:Creating environment hook '/home/kaky/ros2_ws_project_ws/install/Gripper/share/Gripper/hook/ament_prefix_path.ps1'
[2.019s] INFO:colcon.colcon_core.shell:Creating environment descriptor '/home/kaky/ros2_ws_project_ws/install/Gripper/share/Gripper/hook/ament_prefix_path.dsv'
[2.019s] INFO:colcon.colcon_core.shell:Creating environment hook '/home/kaky/ros2_ws_project_ws/install/Gripper/share/Gripper/hook/ament_prefix_path.sh'
[2.038s] INFO:colcon.colcon_core.shell:Skip shell extension 'powershell' for command environment: Not usable outside of PowerShell
[2.038s] DEBUG:colcon.colcon_core.shell:Skip shell extension 'dsv' for command environment
[2.112s] INFO:colcon.colcon_ros.task.ament_python.build:Building ROS package in '/home/kaky/ros2_ws_project_ws/src/tactile' with build type 'ament_python'
[2.112s] Level 1:colcon.colcon_core.shell:create_environment_hook('tactile', 'ament_prefix_path')
[2.130s] INFO:colcon.colcon_core.shell:Creating environment hook '/home/kaky/ros2_ws_project_ws/install/tactile/share/tactile/hook/ament_prefix_path.ps1'
[2.131s] INFO:colcon.colcon_core.shell:Creating environment descriptor '/home/kaky/ros2_ws_project_ws/install/tactile/share/tactile/hook/ament_prefix_path.dsv'
[2.131s] INFO:colcon.colcon_core.shell:Creating environment hook '/home/kaky/ros2_ws_project_ws/install/tactile/share/tactile/hook/ament_prefix_path.sh'
[2.151s] INFO:colcon.colcon_core.shell:Skip shell extension 'powershell' for command environment: Not usable outside of PowerShell
[2.151s] DEBUG:colcon.colcon_core.shell:Skip shell extension 'dsv' for command environment
[2.540s] INFO:colcon.colcon_core.task.python.build:Building Python package in '/home/kaky/ros2_ws_project_ws/src/Arduino'
[2.561s] INFO:colcon.colcon_core.shell:Skip shell extension 'powershell' for command environment: Not usable outside of PowerShell
[2.561s] DEBUG:colcon.colcon_core.shell:Skip shell extension 'dsv' for command environment
[2.926s] INFO:colcon.colcon_core.task.python.build:Building Python package in '/home/kaky/ros2_ws_project_ws/src/Dynamixels'
[2.944s] INFO:colcon.colcon_core.shell:Skip shell extension 'powershell' for command environment: Not usable outside of PowerShell
[2.944s] DEBUG:colcon.colcon_core.shell:Skip shell extension 'dsv' for command environment
[3.308s] INFO:colcon.colcon_core.task.python.build:Building Python package in '/home/kaky/ros2_ws_project_ws/src/Gripper'
[3.326s] INFO:colcon.colcon_core.shell:Skip shell extension 'powershell' for command environment: Not usable outside of PowerShell
[3.326s] DEBUG:colcon.colcon_core.shell:Skip shell extension 'dsv' for command environment
[3.693s] INFO:colcon.colcon_core.task.python.build:Building Python package in '/home/kaky/ros2_ws_project_ws/src/tactile'
[3.711s] INFO:colcon.colcon_core.shell:Skip shell extension 'powershell' for command environment: Not usable outside of PowerShell
[3.712s] DEBUG:colcon.colcon_core.shell:Skip shell extension 'dsv' for command environment
[5.376s] DEBUG:colcon.colcon_core.event_handler.log_command:Invoking command in '/home/kaky/ros2_ws_project_ws/src/Gripper': PYTHONPATH=/home/kaky/ros2_ws_project_ws/build/Gripper/prefix_override:/home/kaky/ros2_ws_project_ws/install/Gripper/lib/python3.10/site-packages:${PYTHONPATH} /usr/bin/python3 setup.py egg_info --egg-base ../../build/Gripper build --build-base /home/kaky/ros2_ws_project_ws/build/Gripper/build install --record /home/kaky/ros2_ws_project_ws/build/Gripper/install.log --single-version-externally-managed
[5.445s] DEBUG:colcon.colcon_core.event_handler.log_command:Invoking command in '/home/kaky/ros2_ws_project_ws/src/Dynamixels': PYTHONPATH=/home/kaky/ros2_ws_project_ws/build/Dynamixels/prefix_override:/home/kaky/ros2_ws_project_ws/install/Dynamixels/lib/python3.10/site-packages:${PYTHONPATH} /usr/bin/python3 setup.py egg_info --egg-base ../../build/Dynamixels build --build-base /home/kaky/ros2_ws_project_ws/build/Dynamixels/build install --record /home/kaky/ros2_ws_project_ws/build/Dynamixels/install.log --single-version-externally-managed
[5.457s] DEBUG:colcon.colcon_core.event_handler.log_command:Invoking command in '/home/kaky/ros2_ws_project_ws/src/Arduino': PYTHONPATH=/home/kaky/ros2_ws_project_ws/build/Arduino/prefix_override:/home/kaky/ros2_ws_project_ws/install/Arduino/lib/python3.10/site-packages:${PYTHONPATH} /usr/bin/python3 setup.py egg_info --egg-base ../../build/Arduino build --build-base /home/kaky/ros2_ws_project_ws/build/Arduino/build install --record /home/kaky/ros2_ws_project_ws/build/Arduino/install.log --single-version-externally-managed
[5.462s] DEBUG:colcon.colcon_core.event_handler.log_command:Invoking command in '/home/kaky/ros2_ws_project_ws/src/tactile': PYTHONPATH=/home/kaky/ros2_ws_project_ws/build/tactile/prefix_override:/home/kaky/ros2_ws_project_ws/install/tactile/lib/python3.10/site-packages:${PYTHONPATH} /usr/bin/python3 setup.py egg_info --egg-base ../../build/tactile build --build-base /home/kaky/ros2_ws_project_ws/build/tactile/build install --record /home/kaky/ros2_ws_project_ws/build/tactile/install.log --single-version-externally-managed
[5.992s] DEBUG:colcon.colcon_core.event_handler.log_command:Invoked command in '/home/kaky/ros2_ws_project_ws/src/Arduino' returned '0': PYTHONPATH=/home/kaky/ros2_ws_project_ws/build/Arduino/prefix_override:/home/kaky/ros2_ws_project_ws/install/Arduino/lib/python3.10/site-packages:${PYTHONPATH} /usr/bin/python3 setup.py egg_info --egg-base ../../build/Arduino build --build-base /home/kaky/ros2_ws_project_ws/build/Arduino/build install --record /home/kaky/ros2_ws_project_ws/build/Arduino/install.log --single-version-externally-managed
[6.208s] Level 1:colcon.colcon_core.environment:checking '/home/kaky/ros2_ws_project_ws/install/Arduino' for CMake module files
[6.211s] Level 1:colcon.colcon_core.environment:checking '/home/kaky/ros2_ws_project_ws/install/Arduino' for CMake config files
[6.214s] Level 1:colcon.colcon_core.environment:checking '/home/kaky/ros2_ws_project_ws/install/Arduino/lib'
[6.215s] Level 1:colcon.colcon_core.environment:checking '/home/kaky/ros2_ws_project_ws/install/Arduino/bin'
[6.215s] Level 1:colcon.colcon_core.environment:checking '/home/kaky/ros2_ws_project_ws/install/Arduino/lib/pkgconfig/Arduino.pc'
[6.216s] Level 1:colcon.colcon_core.environment:checking '/home/kaky/ros2_ws_project_ws/install/Arduino/lib/python3.10/site-packages'
[6.217s] Level 1:colcon.colcon_core.shell:create_environment_hook('Arduino', 'pythonpath')
[6.299s] INFO:colcon.colcon_core.shell:Creating environment hook '/home/kaky/ros2_ws_project_ws/install/Arduino/share/Arduino/hook/pythonpath.ps1'
[6.300s] INFO:colcon.colcon_core.shell:Creating environment descriptor '/home/kaky/ros2_ws_project_ws/install/Arduino/share/Arduino/hook/pythonpath.dsv'
[6.300s] INFO:colcon.colcon_core.shell:Creating environment hook '/home/kaky/ros2_ws_project_ws/install/Arduino/share/Arduino/hook/pythonpath.sh'
[6.302s] Level 1:colcon.colcon_core.environment:checking '/home/kaky/ros2_ws_project_ws/install/Arduino/bin'
[6.302s] Level 1:colcon.colcon_core.environment:create_environment_scripts_only(Arduino)
[6.343s] INFO:colcon.colcon_core.shell:Creating package script '/home/kaky/ros2_ws_project_ws/install/Arduino/share/Arduino/package.ps1'
[6.345s] INFO:colcon.colcon_core.shell:Creating package descriptor '/home/kaky/ros2_ws_project_ws/install/Arduino/share/Arduino/package.dsv'
[6.346s] INFO:colcon.colcon_core.shell:Creating package script '/home/kaky/ros2_ws_project_ws/install/Arduino/share/Arduino/package.sh'
[6.347s] INFO:colcon.colcon_core.shell:Creating package script '/home/kaky/ros2_ws_project_ws/install/Arduino/share/Arduino/package.bash'
[6.385s] INFO:colcon.colcon_core.shell:Creating package script '/home/kaky/ros2_ws_project_ws/install/Arduino/share/Arduino/package.zsh'
[6.397s] Level 1:colcon.colcon_core.environment:create_file_with_runtime_dependencies(/home/kaky/ros2_ws_project_ws/install/Arduino/share/colcon-core/packages/Arduino)
[6.407s] DEBUG:colcon.colcon_core.event_handler.log_command:Invoked command in '/home/kaky/ros2_ws_project_ws/src/tactile' returned '0': PYTHONPATH=/home/kaky/ros2_ws_project_ws/build/tactile/prefix_override:/home/kaky/ros2_ws_project_ws/install/tactile/lib/python3.10/site-packages:${PYTHONPATH} /usr/bin/python3 setup.py egg_info --egg-base ../../build/tactile build --build-base /home/kaky/ros2_ws_project_ws/build/tactile/build install --record /home/kaky/ros2_ws_project_ws/build/tactile/install.log --single-version-externally-managed
[6.446s] Level 1:colcon.colcon_core.environment:checking '/home/kaky/ros2_ws_project_ws/install/tactile' for CMake module files
[6.446s] Level 1:colcon.colcon_core.environment:checking '/home/kaky/ros2_ws_project_ws/install/tactile' for CMake config files
[6.447s] Level 1:colcon.colcon_core.environment:checking '/home/kaky/ros2_ws_project_ws/install/tactile/lib'
[6.447s] Level 1:colcon.colcon_core.environment:checking '/home/kaky/ros2_ws_project_ws/install/tactile/bin'
[6.447s] Level 1:colcon.colcon_core.environment:checking '/home/kaky/ros2_ws_project_ws/install/tactile/lib/pkgconfig/tactile.pc'
[6.447s] Level 1:colcon.colcon_core.environment:checking '/home/kaky/ros2_ws_project_ws/install/tactile/lib/python3.10/site-packages'
[6.447s] Level 1:colcon.colcon_core.shell:create_environment_hook('tactile', 'pythonpath')
[6.465s] INFO:colcon.colcon_core.shell:Creating environment hook '/home/kaky/ros2_ws_project_ws/install/tactile/share/tactile/hook/pythonpath.ps1'
[6.466s] INFO:colcon.colcon_core.shell:Creating environment descriptor '/home/kaky/ros2_ws_project_ws/install/tactile/share/tactile/hook/pythonpath.dsv'
[6.466s] INFO:colcon.colcon_core.shell:Creating environment hook '/home/kaky/ros2_ws_project_ws/install/tactile/share/tactile/hook/pythonpath.sh'
[6.467s] Level 1:colcon.colcon_core.environment:checking '/home/kaky/ros2_ws_project_ws/install/tactile/bin'
[6.467s] Level 1:colcon.colcon_core.environment:create_environment_scripts_only(tactile)
[6.486s] INFO:colcon.colcon_core.shell:Creating package script '/home/kaky/ros2_ws_project_ws/install/tactile/share/tactile/package.ps1'
[6.487s] INFO:colcon.colcon_core.shell:Creating package descriptor '/home/kaky/ros2_ws_project_ws/install/tactile/share/tactile/package.dsv'
[6.488s] INFO:colcon.colcon_core.shell:Creating package script '/home/kaky/ros2_ws_project_ws/install/tactile/share/tactile/package.sh'
[6.488s] INFO:colcon.colcon_core.shell:Creating package script '/home/kaky/ros2_ws_project_ws/install/tactile/share/tactile/package.bash'
[6.489s] INFO:colcon.colcon_core.shell:Creating package script '/home/kaky/ros2_ws_project_ws/install/tactile/share/tactile/package.zsh'
[6.489s] Level 1:colcon.colcon_core.environment:create_file_with_runtime_dependencies(/home/kaky/ros2_ws_project_ws/install/tactile/share/colcon-core/packages/tactile)
[6.491s] DEBUG:colcon.colcon_core.event_handler.log_command:Invoked command in '/home/kaky/ros2_ws_project_ws/src/Gripper' returned '0': PYTHONPATH=/home/kaky/ros2_ws_project_ws/build/Gripper/prefix_override:/home/kaky/ros2_ws_project_ws/install/Gripper/lib/python3.10/site-packages:${PYTHONPATH} /usr/bin/python3 setup.py egg_info --egg-base ../../build/Gripper build --build-base /home/kaky/ros2_ws_project_ws/build/Gripper/build install --record /home/kaky/ros2_ws_project_ws/build/Gripper/install.log --single-version-externally-managed
[6.510s] Level 1:colcon.colcon_core.environment:checking '/home/kaky/ros2_ws_project_ws/install/Gripper' for CMake module files
[6.510s] Level 1:colcon.colcon_core.environment:checking '/home/kaky/ros2_ws_project_ws/install/Gripper' for CMake config files
[6.511s] Level 1:colcon.colcon_core.environment:checking '/home/kaky/ros2_ws_project_ws/install/Gripper/lib'
[6.511s] Level 1:colcon.colcon_core.environment:checking '/home/kaky/ros2_ws_project_ws/install/Gripper/bin'
[6.511s] Level 1:colcon.colcon_core.environment:checking '/home/kaky/ros2_ws_project_ws/install/Gripper/lib/pkgconfig/Gripper.pc'
[6.511s] Level 1:colcon.colcon_core.environment:checking '/home/kaky/ros2_ws_project_ws/install/Gripper/lib/python3.10/site-packages'
[6.511s] Level 1:colcon.colcon_core.shell:create_environment_hook('Gripper', 'pythonpath')
[6.529s] INFO:colcon.colcon_core.shell:Creating environment hook '/home/kaky/ros2_ws_project_ws/install/Gripper/share/Gripper/hook/pythonpath.ps1'
[6.530s] INFO:colcon.colcon_core.shell:Creating environment descriptor '/home/kaky/ros2_ws_project_ws/install/Gripper/share/Gripper/hook/pythonpath.dsv'
[6.530s] INFO:colcon.colcon_core.shell:Creating environment hook '/home/kaky/ros2_ws_project_ws/install/Gripper/share/Gripper/hook/pythonpath.sh'
[6.531s] Level 1:colcon.colcon_core.environment:checking '/home/kaky/ros2_ws_project_ws/install/Gripper/bin'
[6.531s] Level 1:colcon.colcon_core.environment:create_environment_scripts_only(Gripper)
[6.549s] INFO:colcon.colcon_core.shell:Creating package script '/home/kaky/ros2_ws_project_ws/install/Gripper/share/Gripper/package.ps1'
[6.550s] INFO:colcon.colcon_core.shell:Creating package descriptor '/home/kaky/ros2_ws_project_ws/install/Gripper/share/Gripper/package.dsv'
[6.550s] INFO:colcon.colcon_core.shell:Creating package script '/home/kaky/ros2_ws_project_ws/install/Gripper/share/Gripper/package.sh'
[6.550s] INFO:colcon.colcon_core.shell:Creating package script '/home/kaky/ros2_ws_project_ws/install/Gripper/share/Gripper/package.bash'
[6.551s] INFO:colcon.colcon_core.shell:Creating package script '/home/kaky/ros2_ws_project_ws/install/Gripper/share/Gripper/package.zsh'
[6.551s] Level 1:colcon.colcon_core.environment:create_file_with_runtime_dependencies(/home/kaky/ros2_ws_project_ws/install/Gripper/share/colcon-core/packages/Gripper)
[6.553s] DEBUG:colcon.colcon_core.event_handler.log_command:Invoked command in '/home/kaky/ros2_ws_project_ws/src/Dynamixels' returned '0': PYTHONPATH=/home/kaky/ros2_ws_project_ws/build/Dynamixels/prefix_override:/home/kaky/ros2_ws_project_ws/install/Dynamixels/lib/python3.10/site-packages:${PYTHONPATH} /usr/bin/python3 setup.py egg_info --egg-base ../../build/Dynamixels build --build-base /home/kaky/ros2_ws_project_ws/build/Dynamixels/build install --record /home/kaky/ros2_ws_project_ws/build/Dynamixels/install.log --single-version-externally-managed
[6.573s] Level 1:colcon.colcon_core.environment:checking '/home/kaky/ros2_ws_project_ws/install/Dynamixels' for CMake module files
[6.573s] Level 1:colcon.colcon_core.environment:checking '/home/kaky/ros2_ws_project_ws/install/Dynamixels' for CMake config files
[6.574s] Level 1:colcon.colcon_core.environment:checking '/home/kaky/ros2_ws_project_ws/install/Dynamixels/lib'
[6.574s] Level 1:colcon.colcon_core.environment:checking '/home/kaky/ros2_ws_project_ws/install/Dynamixels/bin'
[6.574s] Level 1:colcon.colcon_core.environment:checking '/home/kaky/ros2_ws_project_ws/install/Dynamixels/lib/pkgconfig/Dynamixels.pc'
[6.574s] Level 1:colcon.colcon_core.environment:checking '/home/kaky/ros2_ws_project_ws/install/Dynamixels/lib/python3.10/site-packages'
[6.574s] Level 1:colcon.colcon_core.shell:create_environment_hook('Dynamixels', 'pythonpath')
[6.594s] INFO:colcon.colcon_core.shell:Creating environment hook '/home/kaky/ros2_ws_project_ws/install/Dynamixels/share/Dynamixels/hook/pythonpath.ps1'
[6.594s] INFO:colcon.colcon_core.shell:Creating environment descriptor '/home/kaky/ros2_ws_project_ws/install/Dynamixels/share/Dynamixels/hook/pythonpath.dsv'
[6.595s] INFO:colcon.colcon_core.shell:Creating environment hook '/home/kaky/ros2_ws_project_ws/install/Dynamixels/share/Dynamixels/hook/pythonpath.sh'
[6.595s] Level 1:colcon.colcon_core.environment:checking '/home/kaky/ros2_ws_project_ws/install/Dynamixels/bin'
[6.595s] Level 1:colcon.colcon_core.environment:create_environment_scripts_only(Dynamixels)
[6.613s] INFO:colcon.colcon_core.shell:Creating package script '/home/kaky/ros2_ws_project_ws/install/Dynamixels/share/Dynamixels/package.ps1'
[6.614s] INFO:colcon.colcon_core.shell:Creating package descriptor '/home/kaky/ros2_ws_project_ws/install/Dynamixels/share/Dynamixels/package.dsv'
[6.615s] INFO:colcon.colcon_core.shell:Creating package script '/home/kaky/ros2_ws_project_ws/install/Dynamixels/share/Dynamixels/package.sh'
[6.615s] INFO:colcon.colcon_core.shell:Creating package script '/home/kaky/ros2_ws_project_ws/install/Dynamixels/share/Dynamixels/package.bash'
[6.615s] INFO:colcon.colcon_core.shell:Creating package script '/home/kaky/ros2_ws_project_ws/install/Dynamixels/share/Dynamixels/package.zsh'
[6.615s] Level 1:colcon.colcon_core.environment:create_file_with_runtime_dependencies(/home/kaky/ros2_ws_project_ws/install/Dynamixels/share/colcon-core/packages/Dynamixels)
[6.616s] DEBUG:colcon.colcon_parallel_executor.executor.parallel:closing loop
[6.616s] DEBUG:colcon.colcon_parallel_executor.executor.parallel:loop closed
[6.616s] DEBUG:colcon.colcon_parallel_executor.executor.parallel:run_until_complete finished with '0'
[6.616s] DEBUG:colcon.colcon_core.event_reactor:joining thread
[6.645s] INFO:colcon.colcon_core.plugin_system:Skipping extension 'colcon_notification.desktop_notification.terminal_notifier': Not used on non-Darwin systems
[6.645s] INFO:colcon.colcon_core.plugin_system:Skipping extension 'colcon_notification.desktop_notification.win32': Not used on non-Windows systems
[6.645s] INFO:colcon.colcon_notification.desktop_notification:Sending desktop notification using 'notify2'
[6.656s] DEBUG:colcon.colcon_core.event_reactor:joined thread
[6.680s] INFO:colcon.colcon_core.shell:Creating prefix script '/home/kaky/ros2_ws_project_ws/install/local_setup.ps1'
[6.681s] INFO:colcon.colcon_core.shell:Creating prefix util module '/home/kaky/ros2_ws_project_ws/install/_local_setup_util_ps1.py'
[6.682s] INFO:colcon.colcon_core.shell:Creating prefix chain script '/home/kaky/ros2_ws_project_ws/install/setup.ps1'
[6.705s] INFO:colcon.colcon_core.shell:Creating prefix script '/home/kaky/ros2_ws_project_ws/install/local_setup.sh'
[6.706s] INFO:colcon.colcon_core.shell:Creating prefix util module '/home/kaky/ros2_ws_project_ws/install/_local_setup_util_sh.py'
[6.706s] INFO:colcon.colcon_core.shell:Creating prefix chain script '/home/kaky/ros2_ws_project_ws/install/setup.sh'
[6.727s] INFO:colcon.colcon_core.shell:Creating prefix script '/home/kaky/ros2_ws_project_ws/install/local_setup.bash'
[6.727s] INFO:colcon.colcon_core.shell:Creating prefix chain script '/home/kaky/ros2_ws_project_ws/install/setup.bash'
[6.746s] INFO:colcon.colcon_core.shell:Creating prefix script '/home/kaky/ros2_ws_project_ws/install/local_setup.zsh'
[6.747s] INFO:colcon.colcon_core.shell:Creating prefix chain script '/home/kaky/ros2_ws_project_ws/install/setup.zsh'
