running egg_info
creating ../../build/Arduino/Arduino.egg-info
writing ../../build/Arduino/Arduino.egg-info/PKG-INFO
writing dependency_links to ../../build/Arduino/Arduino.egg-info/dependency_links.txt
writing entry points to ../../build/Arduino/Arduino.egg-info/entry_points.txt
writing requirements to ../../build/Arduino/Arduino.egg-info/requires.txt
writing top-level names to ../../build/Arduino/Arduino.egg-info/top_level.txt
writing manifest file '../../build/Arduino/Arduino.egg-info/SOURCES.txt'
reading manifest file '../../build/Arduino/Arduino.egg-info/SOURCES.txt'
adding license file 'LICENSE'
writing manifest file '../../build/Arduino/Arduino.egg-info/SOURCES.txt'
running build
running build_py
creating /home/kaky/ros2_ws_project_ws/build/Arduino/build
creating /home/kaky/ros2_ws_project_ws/build/Arduino/build/lib
creating /home/kaky/ros2_ws_project_ws/build/Arduino/build/lib/Arduino
copying Arduino/__init__.py -> /home/kaky/ros2_ws_project_ws/build/Arduino/build/lib/Arduino
running install
running install_lib
creating /home/kaky/ros2_ws_project_ws/install/Arduino/lib/python3.10/site-packages/Arduino
copying /home/kaky/ros2_ws_project_ws/build/Arduino/build/lib/Arduino/__init__.py -> /home/kaky/ros2_ws_project_ws/install/Arduino/lib/python3.10/site-packages/Arduino
byte-compiling /home/kaky/ros2_ws_project_ws/install/Arduino/lib/python3.10/site-packages/Arduino/__init__.py to __init__.cpython-310.pyc
running install_data
creating /home/kaky/ros2_ws_project_ws/install/Arduino/share/ament_index
creating /home/kaky/ros2_ws_project_ws/install/Arduino/share/ament_index/resource_index
creating /home/kaky/ros2_ws_project_ws/install/Arduino/share/ament_index/resource_index/packages
copying resource/Arduino -> /home/kaky/ros2_ws_project_ws/install/Arduino/share/ament_index/resource_index/packages
copying package.xml -> /home/kaky/ros2_ws_project_ws/install/Arduino/share/Arduino
running install_egg_info
Copying ../../build/Arduino/Arduino.egg-info to /home/kaky/ros2_ws_project_ws/install/Arduino/lib/python3.10/site-packages/Arduino-0.0.0-py3.10.egg-info
running install_scripts
writing list of installed files to '/home/kaky/ros2_ws_project_ws/build/Arduino/install.log'
