[3.725s] Invoking command in '/home/kaky/ros2_ws_project_ws/src/Arduino': PYTHONPATH=/home/kaky/ros2_ws_project_ws/build/Arduino/prefix_override:/home/kaky/ros2_ws_project_ws/install/Arduino/lib/python3.10/site-packages:${PYTHONPATH} /usr/bin/python3 setup.py egg_info --egg-base ../../build/Arduino build --build-base /home/kaky/ros2_ws_project_ws/build/Arduino/build install --record /home/kaky/ros2_ws_project_ws/build/Arduino/install.log --single-version-externally-managed
[4.100s] running egg_info
[4.101s] creating ../../build/Arduino/Arduino.egg-info
[4.101s] writing ../../build/Arduino/Arduino.egg-info/PKG-INFO
[4.102s] writing dependency_links to ../../build/Arduino/Arduino.egg-info/dependency_links.txt
[4.102s] writing entry points to ../../build/Arduino/Arduino.egg-info/entry_points.txt
[4.102s] writing requirements to ../../build/Arduino/Arduino.egg-info/requires.txt
[4.102s] writing top-level names to ../../build/Arduino/Arduino.egg-info/top_level.txt
[4.103s] writing manifest file '../../build/Arduino/Arduino.egg-info/SOURCES.txt'
[4.105s] reading manifest file '../../build/Arduino/Arduino.egg-info/SOURCES.txt'
[4.105s] adding license file 'LICENSE'
[4.106s] writing manifest file '../../build/Arduino/Arduino.egg-info/SOURCES.txt'
[4.106s] running build
[4.107s] running build_py
[4.107s] creating /home/kaky/ros2_ws_project_ws/build/Arduino/build
[4.107s] creating /home/kaky/ros2_ws_project_ws/build/Arduino/build/lib
[4.107s] creating /home/kaky/ros2_ws_project_ws/build/Arduino/build/lib/Arduino
[4.107s] copying Arduino/__init__.py -> /home/kaky/ros2_ws_project_ws/build/Arduino/build/lib/Arduino
[4.107s] running install
[4.134s] /usr/lib/python3/dist-packages/setuptools/command/install.py:34: SetuptoolsDeprecationWarning: setup.py install is deprecated. Use build and pip and other standards-based tools.
[4.134s]   warnings.warn(
[4.135s] running install_lib
[4.136s] creating /home/kaky/ros2_ws_project_ws/install/Arduino/lib/python3.10/site-packages/Arduino
[4.136s] copying /home/kaky/ros2_ws_project_ws/build/Arduino/build/lib/Arduino/__init__.py -> /home/kaky/ros2_ws_project_ws/install/Arduino/lib/python3.10/site-packages/Arduino
[4.137s] byte-compiling /home/kaky/ros2_ws_project_ws/install/Arduino/lib/python3.10/site-packages/Arduino/__init__.py to __init__.cpython-310.pyc
[4.137s] running install_data
[4.138s] creating /home/kaky/ros2_ws_project_ws/install/Arduino/share/ament_index
[4.138s] creating /home/kaky/ros2_ws_project_ws/install/Arduino/share/ament_index/resource_index
[4.138s] creating /home/kaky/ros2_ws_project_ws/install/Arduino/share/ament_index/resource_index/packages
[4.138s] copying resource/Arduino -> /home/kaky/ros2_ws_project_ws/install/Arduino/share/ament_index/resource_index/packages
[4.139s] copying package.xml -> /home/kaky/ros2_ws_project_ws/install/Arduino/share/Arduino
[4.139s] running install_egg_info
[4.142s] Copying ../../build/Arduino/Arduino.egg-info to /home/kaky/ros2_ws_project_ws/install/Arduino/lib/python3.10/site-packages/Arduino-0.0.0-py3.10.egg-info
[4.143s] running install_scripts
[4.174s] writing list of installed files to '/home/kaky/ros2_ws_project_ws/build/Arduino/install.log'
[4.260s] Invoked command in '/home/kaky/ros2_ws_project_ws/src/Arduino' returned '0': PYTHONPATH=/home/kaky/ros2_ws_project_ws/build/Arduino/prefix_override:/home/kaky/ros2_ws_project_ws/install/Arduino/lib/python3.10/site-packages:${PYTHONPATH} /usr/bin/python3 setup.py egg_info --egg-base ../../build/Arduino build --build-base /home/kaky/ros2_ws_project_ws/build/Arduino/build install --record /home/kaky/ros2_ws_project_ws/build/Arduino/install.log --single-version-externally-managed
